[ 2015-07-21T19:39:31+08:00 ] 127.0.0.1 /foryou/index.php/Home/Person/shoppingcart.html
INFO: [ app_init ] --START--
INFO: Run Behavior\BuildLiteBehavior [ RunTime:0.001000s ]
INFO: [ app_init ] --END-- [ RunTime:0.002000s ]

[ 2015-07-21T19:40:07+08:00 ] 127.0.0.1 /foryou/index.php/Home/Person/
INFO: [ app_init ] --START--
INFO: Run Behavior\BuildLiteBehavior [ RunTime:0.000000s ]
INFO: [ app_init ] --END-- [ RunTime:0.001001s ]

[ 2015-07-21T19:40:18+08:00 ] 127.0.0.1 /foryou/index.php/Home/Person/
INFO: [ app_init ] --START--
INFO: Run Behavior\BuildLiteBehavior [ RunTime:0.000000s ]
INFO: [ app_init ] --END-- [ RunTime:0.002000s ]

[ 2015-07-21T19:44:45+08:00 ] 127.0.0.1 /foryou/index.php/Home/Person/
INFO: [ app_init ] --START--
INFO: Run Behavior\BuildLiteBehavior [ RunTime:0.000000s ]
INFO: [ app_init ] --END-- [ RunTime:0.001000s ]

[ 2015-07-21T19:44:51+08:00 ] 127.0.0.1 /foryou/index.php/Home/Person/
INFO: [ app_init ] --START--
INFO: Run Behavior\BuildLiteBehavior [ RunTime:0.001000s ]
INFO: [ app_init ] --END-- [ RunTime:0.002000s ]

[ 2015-07-21T19:49:18+08:00 ] 127.0.0.1 /foryou/index.php/Home/Person/
INFO: [ app_init ] --START--
INFO: Run Behavior\BuildLiteBehavior [ RunTime:0.000000s ]
INFO: [ app_init ] --END-- [ RunTime:0.001000s ]

[ 2015-07-21T19:49:45+08:00 ] 127.0.0.1 /foryou/index.php/Home/Person/
INFO: [ app_init ] --START--
INFO: Run Behavior\BuildLiteBehavior [ RunTime:0.000000s ]
INFO: [ app_init ] --END-- [ RunTime:0.001000s ]

[ 2015-07-21T19:50:09+08:00 ] 127.0.0.1 /foryou/index.php/Home/Person/
INFO: [ app_init ] --START--
INFO: Run Behavior\BuildLiteBehavior [ RunTime:0.000000s ]
INFO: [ app_init ] --END-- [ RunTime:0.001000s ]

[ 2015-07-21T19:50:14+08:00 ] 127.0.0.1 /foryou/index.php/Home/Person/
INFO: [ app_init ] --START--
INFO: Run Behavior\BuildLiteBehavior [ RunTime:0.000000s ]
INFO: [ app_init ] --END-- [ RunTime:0.001001s ]

[ 2015-07-21T19:54:10+08:00 ] 127.0.0.1 /foryou/index.php/Home/Person/
INFO: [ app_init ] --START--
INFO: Run Behavior\BuildLiteBehavior [ RunTime:0.000000s ]
INFO: [ app_init ] --END-- [ RunTime:0.001000s ]

[ 2015-07-21T19:57:11+08:00 ] 127.0.0.1 /foryou/index.php/Home/Person/
INFO: [ app_init ] --START--
INFO: Run Behavior\BuildLiteBehavior [ RunTime:0.000000s ]
INFO: [ app_init ] --END-- [ RunTime:0.001001s ]

[ 2015-07-21T19:57:36+08:00 ] 127.0.0.1 /foryou/index.php/Home/Person/
INFO: [ app_init ] --START--
INFO: Run Behavior\BuildLiteBehavior [ RunTime:0.000000s ]
INFO: [ app_init ] --END-- [ RunTime:0.001000s ]

[ 2015-07-21T19:58:14+08:00 ] 127.0.0.1 /foryou/index.php/Home/Person
INFO: [ app_init ] --START--
INFO: Run Behavior\BuildLiteBehavior [ RunTime:0.000000s ]
INFO: [ app_init ] --END-- [ RunTime:0.001000s ]

[ 2015-07-21T19:59:09+08:00 ] 127.0.0.1 /foryou/index.php/Home/Person/
INFO: [ app_init ] --START--
INFO: Run Behavior\BuildLiteBehavior [ RunTime:0.000000s ]
INFO: [ app_init ] --END-- [ RunTime:0.001000s ]

[ 2015-07-21T19:59:10+08:00 ] 127.0.0.1 /foryou/index.php/Home/Person/
INFO: [ app_init ] --START--
INFO: Run Behavior\BuildLiteBehavior [ RunTime:0.000000s ]
INFO: [ app_init ] --END-- [ RunTime:0.001000s ]

[ 2015-07-21T19:59:11+08:00 ] 127.0.0.1 /foryou/index.php/Home/Person/
INFO: [ app_init ] --START--
INFO: Run Behavior\BuildLiteBehavior [ RunTime:0.000000s ]
INFO: [ app_init ] --END-- [ RunTime:0.002001s ]

[ 2015-07-21T20:00:22+08:00 ] 127.0.0.1 /foryou/index.php/Home/Person/
INFO: [ app_init ] --START--
INFO: Run Behavior\BuildLiteBehavior [ RunTime:0.000000s ]
INFO: [ app_init ] --END-- [ RunTime:0.001000s ]

[ 2015-07-21T20:05:23+08:00 ] 127.0.0.1 /foryou/index.php/Home/Person/
INFO: [ app_init ] --START--
INFO: Run Behavior\BuildLiteBehavior [ RunTime:0.000000s ]
INFO: [ app_init ] --END-- [ RunTime:0.002000s ]

[ 2015-07-21T20:05:40+08:00 ] 127.0.0.1 /foryou/index.php/Home/Person/
INFO: [ app_init ] --START--
INFO: Run Behavior\BuildLiteBehavior [ RunTime:0.000000s ]
INFO: [ app_init ] --END-- [ RunTime:0.001000s ]

[ 2015-07-21T20:06:53+08:00 ] 127.0.0.1 /foryou/index.php/Home/Person/
INFO: [ app_init ] --START--
INFO: Run Behavior\BuildLiteBehavior [ RunTime:0.000000s ]
INFO: [ app_init ] --END-- [ RunTime:0.001000s ]

[ 2015-07-21T20:07:21+08:00 ] 127.0.0.1 /foryou/index.php/Home/Person/
INFO: [ app_init ] --START--
INFO: Run Behavior\BuildLiteBehavior [ RunTime:0.000000s ]
INFO: [ app_init ] --END-- [ RunTime:0.001000s ]

[ 2015-07-21T20:07:41+08:00 ] 127.0.0.1 /foryou/index.php/Home/Person/
INFO: [ app_init ] --START--
INFO: Run Behavior\BuildLiteBehavior [ RunTime:0.000000s ]
INFO: [ app_init ] --END-- [ RunTime:0.001000s ]

[ 2015-07-21T20:09:12+08:00 ] 127.0.0.1 /foryou/index.php/Home/Person/
INFO: [ app_init ] --START--
INFO: Run Behavior\BuildLiteBehavior [ RunTime:0.001000s ]
INFO: [ app_init ] --END-- [ RunTime:0.001000s ]

[ 2015-07-21T20:10:12+08:00 ] 127.0.0.1 /foryou/index.php/Home/Person/
INFO: [ app_init ] --START--
INFO: Run Behavior\BuildLiteBehavior [ RunTime:0.000000s ]
INFO: [ app_init ] --END-- [ RunTime:0.001000s ]

[ 2015-07-21T20:10:15+08:00 ] 127.0.0.1 /foryou/index.php/Home/Person/personhomepage.html
INFO: [ app_init ] --START--
INFO: Run Behavior\BuildLiteBehavior [ RunTime:0.000000s ]
INFO: [ app_init ] --END-- [ RunTime:0.001000s ]

[ 2015-07-21T20:10:19+08:00 ] 127.0.0.1 /foryou/index.php/
INFO: [ app_init ] --START--
INFO: Run Behavior\BuildLiteBehavior [ RunTime:0.000000s ]
INFO: [ app_init ] --END-- [ RunTime:0.002000s ]

[ 2015-07-21T20:10:22+08:00 ] 127.0.0.1 /foryou/index.php/Home/Person/personhomepage.html
INFO: [ app_init ] --START--
INFO: Run Behavior\BuildLiteBehavior [ RunTime:0.000000s ]
INFO: [ app_init ] --END-- [ RunTime:0.001000s ]

[ 2015-07-21T20:10:50+08:00 ] 127.0.0.1 /foryou/index.php/Home/Person/shoppingcart.html
INFO: [ app_init ] --START--
INFO: Run Behavior\BuildLiteBehavior [ RunTime:0.000000s ]
INFO: [ app_init ] --END-- [ RunTime:0.001000s ]

[ 2015-07-21T20:18:38+08:00 ] 127.0.0.1 /foryou/index.php/Home/Person/personhomepage.html
INFO: [ app_init ] --START--
INFO: Run Behavior\BuildLiteBehavior [ RunTime:0.000000s ]
INFO: [ app_init ] --END-- [ RunTime:0.001000s ]

[ 2015-07-21T20:23:29+08:00 ] 127.0.0.1 /foryou/index.php/Home/Person/personhomepage.html
INFO: [ app_init ] --START--
INFO: Run Behavior\BuildLiteBehavior [ RunTime:0.000000s ]
INFO: [ app_init ] --END-- [ RunTime:0.001000s ]

[ 2015-07-21T20:24:06+08:00 ] 127.0.0.1 /foryou/index.php/Home/Person/personhomepage.html
INFO: [ app_init ] --START--
INFO: Run Behavior\BuildLiteBehavior [ RunTime:0.000000s ]
INFO: [ app_init ] --END-- [ RunTime:0.002000s ]

[ 2015-07-21T20:24:26+08:00 ] 127.0.0.1 /foryou/index.php/Home/Person/personhomepage.html
INFO: [ app_init ] --START--
INFO: Run Behavior\BuildLiteBehavior [ RunTime:0.000000s ]
INFO: [ app_init ] --END-- [ RunTime:0.002000s ]

[ 2015-07-21T20:27:12+08:00 ] 127.0.0.1 /foryou/index.php/Home/Person/shoppingcart
INFO: [ app_init ] --START--
INFO: Run Behavior\BuildLiteBehavior [ RunTime:0.000000s ]
INFO: [ app_init ] --END-- [ RunTime:0.002000s ]

[ 2015-07-21T20:27:31+08:00 ] 127.0.0.1 /foryou/index.php/Home/Person/shoppingcart
INFO: [ app_init ] --START--
INFO: Run Behavior\BuildLiteBehavior [ RunTime:0.000000s ]
INFO: [ app_init ] --END-- [ RunTime:0.001000s ]

[ 2015-07-21T20:27:34+08:00 ] 127.0.0.1 /foryou/index.php/Home/Person/personhomepage.html
INFO: [ app_init ] --START--
INFO: Run Behavior\BuildLiteBehavior [ RunTime:0.000000s ]
INFO: [ app_init ] --END-- [ RunTime:0.001000s ]

[ 2015-07-21T20:28:04+08:00 ] 127.0.0.1 /foryou/index.php/Home/Person/personhomepage.html
INFO: [ app_init ] --START--
INFO: Run Behavior\BuildLiteBehavior [ RunTime:0.000000s ]
INFO: [ app_init ] --END-- [ RunTime:0.002001s ]

[ 2015-07-21T20:28:10+08:00 ] 127.0.0.1 /foryou/index.php/Home/Person/personhomepage.html
INFO: [ app_init ] --START--
INFO: Run Behavior\BuildLiteBehavior [ RunTime:0.000000s ]
INFO: [ app_init ] --END-- [ RunTime:0.001000s ]

[ 2015-07-21T20:28:14+08:00 ] 127.0.0.1 /foryou/index.php/Home/Person/personhomepage.html
INFO: [ app_init ] --START--
INFO: Run Behavior\BuildLiteBehavior [ RunTime:0.001000s ]
INFO: [ app_init ] --END-- [ RunTime:0.001000s ]

[ 2015-07-21T20:28:29+08:00 ] 127.0.0.1 /foryou/index.php/Home/Person/ordermanage.html
INFO: [ app_init ] --START--
INFO: Run Behavior\BuildLiteBehavior [ RunTime:0.000000s ]
INFO: [ app_init ] --END-- [ RunTime:0.002000s ]

[ 2015-07-21T20:29:08+08:00 ] 127.0.0.1 /foryou/index.php/Home/Person/personhomepage.html
INFO: [ app_init ] --START--
INFO: Run Behavior\BuildLiteBehavior [ RunTime:0.000000s ]
INFO: [ app_init ] --END-- [ RunTime:0.002000s ]

[ 2015-07-21T20:29:15+08:00 ] 127.0.0.1 /foryou/index.php/Home/Person/ordermanage.html
INFO: [ app_init ] --START--
INFO: Run Behavior\BuildLiteBehavior [ RunTime:0.000000s ]
INFO: [ app_init ] --END-- [ RunTime:0.001000s ]

[ 2015-07-21T20:29:19+08:00 ] 127.0.0.1 /foryou/index.php/Home/Person/personhomepage.html
INFO: [ app_init ] --START--
INFO: Run Behavior\BuildLiteBehavior [ RunTime:0.000000s ]
INFO: [ app_init ] --END-- [ RunTime:0.001000s ]

[ 2015-07-21T20:30:59+08:00 ] 127.0.0.1 /foryou/index.php/Home/Person/personhomepage.html
INFO: [ app_init ] --START--
INFO: Run Behavior\BuildLiteBehavior [ RunTime:0.000000s ]
INFO: [ app_init ] --END-- [ RunTime:0.001000s ]

[ 2015-07-21T20:31:11+08:00 ] 127.0.0.1 /foryou/index.php/
INFO: [ app_init ] --START--
INFO: Run Behavior\BuildLiteBehavior [ RunTime:0.000000s ]
INFO: [ app_init ] --END-- [ RunTime:0.001000s ]

[ 2015-07-21T20:31:15+08:00 ] 127.0.0.1 /foryou/index.php/Home/Person/personhomepage.html
INFO: [ app_init ] --START--
INFO: Run Behavior\BuildLiteBehavior [ RunTime:0.000000s ]
INFO: [ app_init ] --END-- [ RunTime:0.002000s ]

[ 2015-07-21T20:31:26+08:00 ] 127.0.0.1 /foryou/index.php/Home/Person/ordermanage.html
INFO: [ app_init ] --START--
INFO: Run Behavior\BuildLiteBehavior [ RunTime:0.000000s ]
INFO: [ app_init ] --END-- [ RunTime:0.001000s ]

[ 2015-07-21T20:31:54+08:00 ] 127.0.0.1 /foryou/index.php/Home/Person/personhomepage.html
INFO: [ app_init ] --START--
INFO: Run Behavior\BuildLiteBehavior [ RunTime:0.000000s ]
INFO: [ app_init ] --END-- [ RunTime:0.001000s ]

[ 2015-07-21T20:31:57+08:00 ] 127.0.0.1 /foryou/index.php/Home/Person/personhomepage.html
INFO: [ app_init ] --START--
INFO: Run Behavior\BuildLiteBehavior [ RunTime:0.000000s ]
INFO: [ app_init ] --END-- [ RunTime:0.001000s ]

[ 2015-07-21T20:31:58+08:00 ] 127.0.0.1 /foryou/index.php/Home/Person/personhomepage.html
INFO: [ app_init ] --START--
INFO: Run Behavior\BuildLiteBehavior [ RunTime:0.000000s ]
INFO: [ app_init ] --END-- [ RunTime:0.002001s ]

[ 2015-07-21T20:32:08+08:00 ] 127.0.0.1 /foryou/index.php/Home/Person/personhomepage.html
INFO: [ app_init ] --START--
INFO: Run Behavior\BuildLiteBehavior [ RunTime:0.000000s ]
INFO: [ app_init ] --END-- [ RunTime:0.001000s ]

[ 2015-07-21T20:32:48+08:00 ] 127.0.0.1 /foryou/index.php/Home/Person/personhomepage.html
INFO: [ app_init ] --START--
INFO: Run Behavior\BuildLiteBehavior [ RunTime:0.000000s ]
INFO: [ app_init ] --END-- [ RunTime:0.002001s ]

[ 2015-07-21T20:33:48+08:00 ] 127.0.0.1 /foryou/index.php/Home/Person/personhomepage.html
INFO: [ app_init ] --START--
INFO: Run Behavior\BuildLiteBehavior [ RunTime:0.000000s ]
INFO: [ app_init ] --END-- [ RunTime:0.001000s ]

[ 2015-07-21T20:33:52+08:00 ] 127.0.0.1 /foryou/index.php/Home/Person/ordermanage.html
INFO: [ app_init ] --START--
INFO: Run Behavior\BuildLiteBehavior [ RunTime:0.000000s ]
INFO: [ app_init ] --END-- [ RunTime:0.001000s ]

[ 2015-07-21T20:33:54+08:00 ] 127.0.0.1 /foryou/index.php/Home/Person/personhomepage.html
INFO: [ app_init ] --START--
INFO: Run Behavior\BuildLiteBehavior [ RunTime:0.000000s ]
INFO: [ app_init ] --END-- [ RunTime:0.001000s ]

[ 2015-07-21T20:34:35+08:00 ] 127.0.0.1 /foryou/index.php/Home/Person/personhomepage.html
INFO: [ app_init ] --START--
INFO: Run Behavior\BuildLiteBehavior [ RunTime:0.000000s ]
INFO: [ app_init ] --END-- [ RunTime:0.001000s ]

[ 2015-07-21T20:34:38+08:00 ] 127.0.0.1 /foryou/index.php/Home/Person/personhomepage.html
INFO: [ app_init ] --START--
INFO: Run Behavior\BuildLiteBehavior [ RunTime:0.000000s ]
INFO: [ app_init ] --END-- [ RunTime:0.002000s ]

[ 2015-07-21T20:35:15+08:00 ] 127.0.0.1 /foryou/index.php/Home/Person/personhomepage.html
INFO: [ app_init ] --START--
INFO: Run Behavior\BuildLiteBehavior [ RunTime:0.000000s ]
INFO: [ app_init ] --END-- [ RunTime:0.001000s ]

[ 2015-07-21T20:35:34+08:00 ] 127.0.0.1 /foryou/index.php/Home/Person/ordermanage.html
INFO: [ app_init ] --START--
INFO: Run Behavior\BuildLiteBehavior [ RunTime:0.000000s ]
INFO: [ app_init ] --END-- [ RunTime:0.002000s ]

[ 2015-07-21T20:36:09+08:00 ] 127.0.0.1 /foryou/index.php/Home/Person/ordermanage.html
INFO: [ app_init ] --START--
INFO: Run Behavior\BuildLiteBehavior [ RunTime:0.001001s ]
INFO: [ app_init ] --END-- [ RunTime:0.001001s ]

[ 2015-07-21T20:39:51+08:00 ] 127.0.0.1 /foryou/index.php/Home/Person/ordermanage.html
INFO: [ app_init ] --START--
INFO: Run Behavior\BuildLiteBehavior [ RunTime:0.000000s ]
INFO: [ app_init ] --END-- [ RunTime:0.001000s ]

[ 2015-07-21T20:39:53+08:00 ] 127.0.0.1 /foryou/index.php/Home/Person/ordermanage.html
INFO: [ app_init ] --START--
INFO: Run Behavior\BuildLiteBehavior [ RunTime:0.000000s ]
INFO: [ app_init ] --END-- [ RunTime:0.002000s ]

[ 2015-07-21T20:40:30+08:00 ] 127.0.0.1 /foryou/index.php/Home/Person/ordermanage.html
INFO: [ app_init ] --START--
INFO: Run Behavior\BuildLiteBehavior [ RunTime:0.000000s ]
INFO: [ app_init ] --END-- [ RunTime:0.001000s ]

[ 2015-07-21T20:40:58+08:00 ] 127.0.0.1 /foryou/index.php/Home/Person/ordermanage.html
INFO: [ app_init ] --START--
INFO: Run Behavior\BuildLiteBehavior [ RunTime:0.000000s ]
INFO: [ app_init ] --END-- [ RunTime:0.002000s ]

[ 2015-07-21T20:41:00+08:00 ] 127.0.0.1 /foryou/index.php/Home/Index/index.html
INFO: [ app_init ] --START--
INFO: Run Behavior\BuildLiteBehavior [ RunTime:0.000000s ]
INFO: [ app_init ] --END-- [ RunTime:0.002000s ]

[ 2015-07-21T20:41:34+08:00 ] 127.0.0.1 /foryou/index.php/Home/Person/ordermanage.html
INFO: [ app_init ] --START--
INFO: Run Behavior\BuildLiteBehavior [ RunTime:0.000000s ]
INFO: [ app_init ] --END-- [ RunTime:0.001000s ]

[ 2015-07-21T20:41:36+08:00 ] 127.0.0.1 /foryou/index.php/Home/Person/%7BU:('Person/personhomepage')%7D
INFO: [ app_init ] --START--
INFO: Run Behavior\BuildLiteBehavior [ RunTime:0.000000s ]
INFO: [ app_init ] --END-- [ RunTime:0.001000s ]
ERR: 非法操作:{U:('Person

[ 2015-07-21T20:41:52+08:00 ] 127.0.0.1 /foryou/index.php/Home/Person/ordermanage.html
INFO: [ app_init ] --START--
INFO: Run Behavior\BuildLiteBehavior [ RunTime:0.001000s ]
INFO: [ app_init ] --END-- [ RunTime:0.002000s ]

[ 2015-07-21T20:41:53+08:00 ] 127.0.0.1 /foryou/index.php/Home/Person/personhomepage.html
INFO: [ app_init ] --START--
INFO: Run Behavior\BuildLiteBehavior [ RunTime:0.000000s ]
INFO: [ app_init ] --END-- [ RunTime:0.001000s ]

[ 2015-07-21T20:41:55+08:00 ] 127.0.0.1 /foryou/index.php/Home/Person/ordermanage.html
INFO: [ app_init ] --START--
INFO: Run Behavior\BuildLiteBehavior [ RunTime:0.000000s ]
INFO: [ app_init ] --END-- [ RunTime:0.001000s ]

[ 2015-07-21T20:42:34+08:00 ] 127.0.0.1 /foryou/index.php/Home/Person/ordermanage.html
INFO: [ app_init ] --START--
INFO: Run Behavior\BuildLiteBehavior [ RunTime:0.000000s ]
INFO: [ app_init ] --END-- [ RunTime:0.001000s ]

[ 2015-07-21T20:43:48+08:00 ] 127.0.0.1 /foryou/index.php/Home/Person/ordermanage.html
INFO: [ app_init ] --START--
INFO: Run Behavior\BuildLiteBehavior [ RunTime:0.000000s ]
INFO: [ app_init ] --END-- [ RunTime:0.001000s ]

[ 2015-07-21T20:48:39+08:00 ] 127.0.0.1 /foryou/index.php/Home/Person/ordermanage.html
INFO: [ app_init ] --START--
INFO: Run Behavior\BuildLiteBehavior [ RunTime:0.000000s ]
INFO: [ app_init ] --END-- [ RunTime:0.002001s ]

[ 2015-07-21T20:50:58+08:00 ] 127.0.0.1 /foryou/index.php/Home/Person/ordermanage.html
INFO: [ app_init ] --START--
INFO: Run Behavior\BuildLiteBehavior [ RunTime:0.001000s ]
INFO: [ app_init ] --END-- [ RunTime:0.002000s ]

[ 2015-07-21T20:51:25+08:00 ] 127.0.0.1 /foryou/index.php/Home/Person/ordermanage.html
INFO: [ app_init ] --START--
INFO: Run Behavior\BuildLiteBehavior [ RunTime:0.000000s ]
INFO: [ app_init ] --END-- [ RunTime:0.001000s ]

[ 2015-07-21T20:51:59+08:00 ] 127.0.0.1 /foryou/index.php/Home/Person/ordermanage.html
INFO: [ app_init ] --START--
INFO: Run Behavior\BuildLiteBehavior [ RunTime:0.000000s ]
INFO: [ app_init ] --END-- [ RunTime:0.001000s ]

[ 2015-07-21T20:52:22+08:00 ] 127.0.0.1 /foryou/index.php/Home/Person/ordermanage.html
INFO: [ app_init ] --START--
INFO: Run Behavior\BuildLiteBehavior [ RunTime:0.000000s ]
INFO: [ app_init ] --END-- [ RunTime:0.002000s ]

[ 2015-07-21T20:53:13+08:00 ] 127.0.0.1 /foryou/index.php/Home/Person/ordermanage.html
INFO: [ app_init ] --START--
INFO: Run Behavior\BuildLiteBehavior [ RunTime:0.000000s ]
INFO: [ app_init ] --END-- [ RunTime:0.002000s ]

[ 2015-07-21T20:58:51+08:00 ] 127.0.0.1 /foryou/index.php/Home/Person/ordermanage.html
INFO: [ app_init ] --START--
INFO: Run Behavior\BuildLiteBehavior [ RunTime:0.001000s ]
INFO: [ app_init ] --END-- [ RunTime:0.002000s ]

[ 2015-07-21T21:01:36+08:00 ] 127.0.0.1 /foryou/index.php/Home/Person/ordermanage.html
INFO: [ app_init ] --START--
INFO: Run Behavior\BuildLiteBehavior [ RunTime:0.000000s ]
INFO: [ app_init ] --END-- [ RunTime:0.001000s ]

[ 2015-07-21T21:05:16+08:00 ] 127.0.0.1 /foryou/index.php/Home/Person/ordermanage.html
INFO: [ app_init ] --START--
INFO: Run Behavior\BuildLiteBehavior [ RunTime:0.000000s ]
INFO: [ app_init ] --END-- [ RunTime:0.002001s ]

